\BOOKMARK [1][-]{section.1}{Introduction}{}% 1
\BOOKMARK [1][-]{section.2}{Objectives}{}% 2
\BOOKMARK [2][-]{subsection.2.1}{Mandatory Criteria}{section.2}% 3
\BOOKMARK [2][-]{subsection.2.2}{Facultative Criteria}{section.2}% 4
\BOOKMARK [2][-]{subsection.2.3}{Excluded Criteria}{section.2}% 5
\BOOKMARK [1][-]{section.3}{Product Usage}{}% 6
\BOOKMARK [2][-]{subsection.3.1}{Users}{section.3}% 7
\BOOKMARK [1][-]{section.4}{Product Environment}{}% 8
\BOOKMARK [2][-]{subsection.4.1}{Environment for ``Telesales GUI''}{section.4}% 9
\BOOKMARK [2][-]{subsection.4.2}{Hardware}{section.4}% 10
\BOOKMARK [1][-]{section.5}{Functional Requirements}{}% 11
\BOOKMARK [2][-]{subsection.5.1}{Mandatory Functional Requirements}{section.5}% 12
\BOOKMARK [2][-]{subsection.5.2}{Facultative Functional Requirements}{section.5}% 13
\BOOKMARK [1][-]{section.6}{Product Data}{}% 14
\BOOKMARK [2][-]{subsection.6.1}{Configuration data}{section.6}% 15
\BOOKMARK [2][-]{subsection.6.2}{Login data}{section.6}% 16
\BOOKMARK [1][-]{section.7}{Nonfunctional Requirements}{}% 17
\BOOKMARK [1][-]{section.8}{Global Test Cases and Scenarios}{}% 18
\BOOKMARK [2][-]{subsection.8.1}{Basic features}{section.8}% 19
\BOOKMARK [2][-]{subsection.8.2}{Optional features}{section.8}% 20
\BOOKMARK [1][-]{section.9}{System Model}{}% 21
\BOOKMARK [2][-]{subsection.9.1}{Graphical User Interface}{section.9}% 22
\BOOKMARK [1][-]{section.10}{Glossary}{}% 23
